environment: line 17: /usr/share/lmod/lmod/libexec/lmod: No such file or directory
/home/users/g/gianness/.bashrc: line 48: warning: setlocale: LC_CTYPE: cannot change locale (en_US.UTF-8)
Traceback (most recent call last):
  File "/usr/lib/python3.10/pathlib.py", line 1175, in mkdir
    self._accessor.mkdir(self, mode)
FileNotFoundError: [Errno 2] No such file or directory: '/home/shares/sanchezf/gundam_n_flow/trained_models/outputs_sample_and_compare/100p10Toy50'

During handling of the above exception, another exception occurred:

Traceback (most recent call last):
  File "/usr/lib/python3.10/pathlib.py", line 1175, in mkdir
    self._accessor.mkdir(self, mode)
FileNotFoundError: [Errno 2] No such file or directory: '/home/shares/sanchezf/gundam_n_flow/trained_models/outputs_sample_and_compare'

During handling of the above exception, another exception occurred:

Traceback (most recent call last):
  File "/usr/lib/python3.10/runpy.py", line 196, in _run_module_as_main
    return _run_code(code, main_globals, None,
  File "/usr/lib/python3.10/runpy.py", line 86, in _run_code
    exec(code, run_globals)
  File "/workspace/work/GuNFlows/src/gunflows/sample_mcmc_toy.py", line 1074, in <module>
    main()
  File "/usr/local/lib/python3.10/dist-packages/hydra/main.py", line 94, in decorated_main
    _run_hydra(
  File "/usr/local/lib/python3.10/dist-packages/hydra/_internal/utils.py", line 394, in _run_hydra
    _run_app(
  File "/usr/local/lib/python3.10/dist-packages/hydra/_internal/utils.py", line 457, in _run_app
    run_and_report(
  File "/usr/local/lib/python3.10/dist-packages/hydra/_internal/utils.py", line 223, in run_and_report
    raise ex
  File "/usr/local/lib/python3.10/dist-packages/hydra/_internal/utils.py", line 220, in run_and_report
    return func()
  File "/usr/local/lib/python3.10/dist-packages/hydra/_internal/utils.py", line 458, in <lambda>
    lambda: hydra.run(
  File "/usr/local/lib/python3.10/dist-packages/hydra/_internal/hydra.py", line 119, in run
    ret = run_job(
  File "/usr/local/lib/python3.10/dist-packages/hydra/core/utils.py", line 146, in run_job
    Path(str(output_dir)).mkdir(parents=True, exist_ok=True)
  File "/usr/lib/python3.10/pathlib.py", line 1179, in mkdir
    self.parent.mkdir(parents=True, exist_ok=True)
  File "/usr/lib/python3.10/pathlib.py", line 1179, in mkdir
    self.parent.mkdir(parents=True, exist_ok=True)
  File "/usr/lib/python3.10/pathlib.py", line 1175, in mkdir
    self._accessor.mkdir(self, mode)
OSError: [Errno 30] Read-only file system: '/home/shares/sanchezf/gundam_n_flow/trained_models'
srun: error: gpu024: task 0: Exited with exit code 1
